#
# There is insufficient memory for the Java Runtime Environment to continue.
# Native memory allocation (malloc) failed to allocate 747312 bytes. Error detail: Chunk::new
# Possible reasons:
#   The system is out of physical RAM or swap space
#   This process is running with CompressedOops enabled, and the Java Heap may be blocking the growth of the native heap
# Possible solutions:
#   Reduce memory load on the system
#   Increase physical memory or swap space
#   Check if swap backing store is full
#   Decrease Java heap size (-Xmx/-Xms)
#   Decrease number of Java threads
#   Decrease Java thread stack sizes (-Xss)
#   Set larger code cache with -XX:ReservedCodeCacheSize=
#   JVM is running with Zero Based Compressed Oops mode in which the Java heap is
#     placed in the first 32GB address space. The Java Heap base address is the
#     maximum limit for the native heap growth. Please use -XX:HeapBaseMinAddress
#     to set the Java Heap base and to place the Java Heap above 32GB virtual address.
# This output file may be truncated or incomplete.
#
#  Out of Memory Error (arena.cpp:191), pid=25944, tid=30284
#
# JRE version: OpenJDK Runtime Environment Temurin-17.0.17+10 (17.0.17+10) (build 17.0.17+10)
# Java VM: OpenJDK 64-Bit Server VM Temurin-17.0.17+10 (17.0.17+10, mixed mode, sharing, tiered, compressed oops, compressed class ptrs, g1 gc, windows-amd64)
# No core dump will be written. Minidumps are not enabled by default on client versions of Windows
#

---------------  S U M M A R Y ------------

Command Line: -javaagent:C:\Program Files\JetBrains\IntelliJ IDEA Community Edition 2025.2.6.1\lib\idea_rt.jar=53520 -Dfile.encoding=UTF-8 com.quinzex.LmsApplication

Host: AMD Ryzen 5 5600 6-Core Processor              , 12 cores, 15G,  Windows 11 , 64 bit Build 26100 (10.0.26100.7705)
Time: Tue Mar 17 12:28:34 2026 India Standard Time elapsed time: 183.737045 seconds (0d 0h 3m 3s)

---------------  T H R E A D  ---------------

Current thread (0x000001c071e52960):  JavaThread "C2 CompilerThread0" daemon [_thread_in_native, id=30284, stack(0x0000006ab9500000,0x0000006ab9600000)]


Current CompileTask:
C2:183737 11053       4       org.apache.kafka.clients.NetworkClient::leastLoadedNode (336 bytes)

Stack: [0x0000006ab9500000,0x0000006ab9600000]
Native frames: (J=compiled Java code, j=interpreted, Vv=VM code, C=native code)
V  [jvm.dll+0x683fb9]
V  [jvm.dll+0x83a1b5]
V  [jvm.dll+0x83bc2e]
V  [jvm.dll+0x83c2b3]
V  [jvm.dll+0x248eff]
V  [jvm.dll+0xad496]
V  [jvm.dll+0xadb3c]
V  [jvm.dll+0x368a3e]
V  [jvm.dll+0x1bc3f9]
V  [jvm.dll+0x219f10]
V  [jvm.dll+0x219200]
V  [jvm.dll+0x1a4920]
V  [jvm.dll+0x22989a]
V  [jvm.dll+0x227a4b]
V  [jvm.dll+0x7effb8]
V  [jvm.dll+0x7ea44c]
V  [jvm.dll+0x682e87]
C  [ucrtbase.dll+0x37b0]
C  [KERNEL32.DLL+0x2e8d7]
C  [ntdll.dll+0x8c40c]


---------------  P R O C E S S  ---------------

Threads class SMR info:
_java_thread_list=0x000001c07e1d92f0, length=59, elements={
0x000001c071e26100, 0x000001c071e27830, 0x000001c071e416b0, 0x000001c071e44080,
0x000001c071e49140, 0x000001c071e49b00, 0x000001c071e52960, 0x000001c071e7cfa0,
0x000001c071e7d4c0, 0x000001c0724611e0, 0x000001c077332980, 0x000001c0775babc0,
0x000001c07a1cf7d0, 0x000001c07b335c50, 0x000001c07b335740, 0x000001c07b332ec0,
0x000001c07b3338e0, 0x000001c07b3333d0, 0x000001c07b334810, 0x000001c07b336160,
0x000001c078bf3790, 0x000001c078bf41b0, 0x000001c078bf3ca0, 0x000001c078bf6010,
0x000001c078bf2860, 0x000001c078bf3280, 0x000001c078bf2d70, 0x000001c078bf4bd0,
0x000001c078bf46c0, 0x000001c078bf55f0, 0x000001c078bf50e0, 0x000001c078bf5b00,
0x000001c072655ba0, 0x000001c0726523f0, 0x000001c0726560b0, 0x000001c072654250,
0x000001c072655690, 0x000001c072652900, 0x000001c072653d40, 0x000001c072653830,
0x000001c0726565c0, 0x000001c072654760, 0x000001c072654c70, 0x000001c072652e10,
0x000001c072656ad0, 0x000001c072655180, 0x000001c072653320, 0x000001c072659350,
0x000001c072659d70, 0x000001c072656fe0, 0x000001c0726574f0, 0x000001c072657a00,
0x000001c072658e40, 0x000001c072657f10, 0x000001c072658420, 0x000001c072658930,
0x000001c07b3329b0, 0x000001c079045c80, 0x000001c0790466a0
}

Java Threads: ( => current thread )
  0x000001c071e26100 JavaThread "Reference Handler" daemon [_thread_blocked, id=29448, stack(0x0000006ab8f00000,0x0000006ab9000000)]
  0x000001c071e27830 JavaThread "Finalizer" daemon [_thread_blocked, id=26844, stack(0x0000006ab9000000,0x0000006ab9100000)]
  0x000001c071e416b0 JavaThread "Signal Dispatcher" daemon [_thread_blocked, id=31156, stack(0x0000006ab9100000,0x0000006ab9200000)]
  0x000001c071e44080 JavaThread "Attach Listener" daemon [_thread_blocked, id=31124, stack(0x0000006ab9200000,0x0000006ab9300000)]
  0x000001c071e49140 JavaThread "Service Thread" daemon [_thread_blocked, id=31132, stack(0x0000006ab9300000,0x0000006ab9400000)]
  0x000001c071e49b00 JavaThread "Monitor Deflation Thread" daemon [_thread_blocked, id=25644, stack(0x0000006ab9400000,0x0000006ab9500000)]
=>0x000001c071e52960 JavaThread "C2 CompilerThread0" daemon [_thread_in_native, id=30284, stack(0x0000006ab9500000,0x0000006ab9600000)]
  0x000001c071e7cfa0 JavaThread "C1 CompilerThread0" daemon [_thread_blocked, id=30736, stack(0x0000006ab9600000,0x0000006ab9700000)]
  0x000001c071e7d4c0 JavaThread "Sweeper thread" daemon [_thread_blocked, id=21144, stack(0x0000006ab9700000,0x0000006ab9800000)]
  0x000001c0724611e0 JavaThread "Common-Cleaner" daemon [_thread_blocked, id=11028, stack(0x0000006ab9800000,0x0000006ab9900000)]
  0x000001c077332980 JavaThread "Monitor Ctrl-Break" daemon [_thread_in_native, id=25384, stack(0x0000006ab9a00000,0x0000006ab9b00000)]
  0x000001c0775babc0 JavaThread "Notification Thread" daemon [_thread_blocked, id=29176, stack(0x0000006ab9b00000,0x0000006ab9c00000)]
  0x000001c07a1cf7d0 JavaThread "HikariPool-1 housekeeper" daemon [_thread_blocked, id=9680, stack(0x0000006abac00000,0x0000006abad00000)]
  0x000001c07b335c50 JavaThread "Catalina-utility-1" [_thread_blocked, id=30228, stack(0x0000006abae00000,0x0000006abaf00000)]
  0x000001c07b335740 JavaThread "Catalina-utility-2" [_thread_blocked, id=26456, stack(0x0000006abaf00000,0x0000006abb000000)]
  0x000001c07b332ec0 JavaThread "container-0" [_thread_blocked, id=26672, stack(0x0000006abb000000,0x0000006abb100000)]
  0x000001c07b3338e0 JavaThread "lettuce-eventExecutorLoop-1-1" daemon [_thread_blocked, id=30232, stack(0x0000006abb100000,0x0000006abb200000)]
  0x000001c07b3333d0 JavaThread "lettuce-timer-3-1" daemon [_thread_blocked, id=20464, stack(0x0000006abb200000,0x0000006abb300000)]
  0x000001c07b334810 JavaThread "idle-connection-reaper" daemon [_thread_blocked, id=29912, stack(0x0000006abb300000,0x0000006abb400000)]
  0x000001c07b336160 JavaThread "lettuce-timer-5-1" daemon [_thread_blocked, id=30248, stack(0x0000006abad00000,0x0000006abae00000)]
  0x000001c078bf3790 JavaThread "spring.cloud.inetutils" daemon [_thread_blocked, id=30256, stack(0x0000006abb400000,0x0000006abb500000)]
  0x000001c078bf41b0 JavaThread "MessageBroker-1" [_thread_blocked, id=29772, stack(0x0000006abb500000,0x0000006abb600000)]
  0x000001c078bf3ca0 JavaThread "http-nio-8080-exec-1" daemon [_thread_blocked, id=31552, stack(0x0000006abb600000,0x0000006abb700000)]
  0x000001c078bf6010 JavaThread "http-nio-8080-exec-2" daemon [_thread_blocked, id=31428, stack(0x0000006abb700000,0x0000006abb800000)]
  0x000001c078bf2860 JavaThread "http-nio-8080-exec-3" daemon [_thread_blocked, id=31424, stack(0x0000006abb800000,0x0000006abb900000)]
  0x000001c078bf3280 JavaThread "http-nio-8080-exec-4" daemon [_thread_blocked, id=31500, stack(0x0000006abb900000,0x0000006abba00000)]
  0x000001c078bf2d70 JavaThread "http-nio-8080-exec-5" daemon [_thread_blocked, id=31504, stack(0x0000006abba00000,0x0000006abbb00000)]
  0x000001c078bf4bd0 JavaThread "http-nio-8080-exec-6" daemon [_thread_blocked, id=31508, stack(0x0000006abbb00000,0x0000006abbc00000)]
  0x000001c078bf46c0 JavaThread "http-nio-8080-exec-7" daemon [_thread_blocked, id=31512, stack(0x0000006abbc00000,0x0000006abbd00000)]
  0x000001c078bf55f0 JavaThread "http-nio-8080-exec-8" daemon [_thread_blocked, id=31676, stack(0x0000006abbd00000,0x0000006abbe00000)]
  0x000001c078bf50e0 JavaThread "http-nio-8080-exec-9" daemon [_thread_blocked, id=31680, stack(0x0000006abbe00000,0x0000006abbf00000)]
  0x000001c078bf5b00 JavaThread "http-nio-8080-exec-10" daemon [_thread_blocked, id=31516, stack(0x0000006abbf00000,0x0000006abc000000)]
  0x000001c072655ba0 JavaThread "http-nio-8080-Poller" daemon [_thread_in_native, id=3860, stack(0x0000006abc000000,0x0000006abc100000)]
  0x000001c0726523f0 JavaThread "http-nio-8080-Acceptor" daemon [_thread_in_native, id=4640, stack(0x0000006abc100000,0x0000006abc200000)]
  0x000001c0726560b0 JavaThread "Catalina-utility-1" [_thread_blocked, id=20316, stack(0x0000006abc400000,0x0000006abc500000)]
  0x000001c072654250 JavaThread "Catalina-utility-2" [_thread_blocked, id=21788, stack(0x0000006abc500000,0x0000006abc600000)]
  0x000001c072655690 JavaThread "container-1" [_thread_blocked, id=12828, stack(0x0000006abc600000,0x0000006abc700000)]
  0x000001c072652900 JavaThread "http-nio-9090-exec-1" daemon [_thread_blocked, id=24260, stack(0x0000006abc700000,0x0000006abc800000)]
  0x000001c072653d40 JavaThread "http-nio-9090-exec-2" daemon [_thread_blocked, id=24412, stack(0x0000006abc800000,0x0000006abc900000)]
  0x000001c072653830 JavaThread "http-nio-9090-exec-3" daemon [_thread_blocked, id=25256, stack(0x0000006abc900000,0x0000006abca00000)]
  0x000001c0726565c0 JavaThread "http-nio-9090-exec-4" daemon [_thread_blocked, id=25576, stack(0x0000006abca00000,0x0000006abcb00000)]
  0x000001c072654760 JavaThread "http-nio-9090-exec-5" daemon [_thread_blocked, id=24408, stack(0x0000006abcb00000,0x0000006abcc00000)]
  0x000001c072654c70 JavaThread "http-nio-9090-exec-6" daemon [_thread_blocked, id=25536, stack(0x0000006abcc00000,0x0000006abcd00000)]
  0x000001c072652e10 JavaThread "http-nio-9090-exec-7" daemon [_thread_blocked, id=29120, stack(0x0000006abcd00000,0x0000006abce00000)]
  0x000001c072656ad0 JavaThread "http-nio-9090-exec-8" daemon [_thread_blocked, id=5436, stack(0x0000006abce00000,0x0000006abcf00000)]
  0x000001c072655180 JavaThread "http-nio-9090-exec-9" daemon [_thread_blocked, id=25572, stack(0x0000006abcf00000,0x0000006abd000000)]
  0x000001c072653320 JavaThread "http-nio-9090-exec-10" daemon [_thread_blocked, id=2700, stack(0x0000006abd000000,0x0000006abd100000)]
  0x000001c072659350 JavaThread "http-nio-9090-Poller" daemon [_thread_in_native, id=28496, stack(0x0000006abd100000,0x0000006abd200000)]
  0x000001c072659d70 JavaThread "http-nio-9090-Acceptor" daemon [_thread_in_native, id=19576, stack(0x0000006abd200000,0x0000006abd300000)]
  0x000001c072656fe0 JavaThread "micrometer-kafka-metrics" daemon [_thread_blocked, id=31368, stack(0x0000006abd300000,0x0000006abd400000)]
  0x000001c0726574f0 JavaThread "ThreadPoolTaskScheduler-1" [_thread_blocked, id=29072, stack(0x0000006abd400000,0x0000006abd500000)]
  0x000001c072657a00 JavaThread "org.springframework.kafka.KafkaListenerEndpointContainer#0-0-C-1" [_thread_in_native, id=29556, stack(0x0000006abd500000,0x0000006abd600000)]
  0x000001c072658e40 JavaThread "micrometer-kafka-metrics" daemon [_thread_blocked, id=31240, stack(0x0000006abd600000,0x0000006abd700000)]
  0x000001c072657f10 JavaThread "ThreadPoolTaskScheduler-1" [_thread_blocked, id=27328, stack(0x0000006abd700000,0x0000006abd800000)]
  0x000001c072658420 JavaThread "org.springframework.kafka.KafkaListenerEndpointContainer#1-0-C-1" [_thread_in_native, id=24168, stack(0x0000006abd800000,0x0000006abd900000)]
  0x000001c072658930 JavaThread "DestroyJavaVM" [_thread_blocked, id=29308, stack(0x0000006ab8800000,0x0000006ab8900000)]
  0x000001c07b3329b0 JavaThread "MessageBroker-2" [_thread_blocked, id=5216, stack(0x0000006ab8500000,0x0000006ab8600000)]
  0x000001c079045c80 JavaThread "PostgreSQL-JDBC-Cleaner" daemon [_thread_blocked, id=31176, stack(0x0000006abab00000,0x0000006abac00000)]
  0x000001c0790466a0 JavaThread "lettuce-nioEventLoop-6-1" daemon [_thread_in_native, id=17800, stack(0x0000006abc300000,0x0000006abc400000)]

Other Threads:
  0x000001c071e21050 VMThread "VM Thread" [stack: 0x0000006ab8e00000,0x0000006ab8f00000] [id=30136]
  0x000001c077386460 WatcherThread [stack: 0x0000006ab9c00000,0x0000006ab9d00000] [id=9368]
  0x000001c04d200870 GCTaskThread "GC Thread#0" [stack: 0x0000006ab8900000,0x0000006ab8a00000] [id=30368]
  0x000001c077942fc0 GCTaskThread "GC Thread#1" [stack: 0x0000006ab9e00000,0x0000006ab9f00000] [id=30116]
  0x000001c0779460b0 GCTaskThread "GC Thread#2" [stack: 0x0000006ab9f00000,0x0000006aba000000] [id=19732]
  0x000001c077946370 GCTaskThread "GC Thread#3" [stack: 0x0000006aba000000,0x0000006aba100000] [id=29156]
  0x000001c077d0d600 GCTaskThread "GC Thread#4" [stack: 0x0000006aba100000,0x0000006aba200000] [id=30268]
  0x000001c077fed460 GCTaskThread "GC Thread#5" [stack: 0x0000006aba200000,0x0000006aba300000] [id=30316]
  0x000001c0788fb310 GCTaskThread "GC Thread#6" [stack: 0x0000006aba300000,0x0000006aba400000] [id=20588]
  0x000001c0791e53c0 GCTaskThread "GC Thread#7" [stack: 0x0000006aba400000,0x0000006aba500000] [id=26348]
  0x000001c0787dfcf0 GCTaskThread "GC Thread#8" [stack: 0x0000006aba500000,0x0000006aba600000] [id=28184]
  0x000001c07942d170 GCTaskThread "GC Thread#9" [stack: 0x0000006aba600000,0x0000006aba700000] [id=30584]
  0x000001c04d212310 ConcurrentGCThread "G1 Main Marker" [stack: 0x0000006ab8a00000,0x0000006ab8b00000] [id=29612]
  0x000001c04d2144e0 ConcurrentGCThread "G1 Conc#0" [stack: 0x0000006ab8b00000,0x0000006ab8c00000] [id=27740]
  0x000001c07967e4e0 ConcurrentGCThread "G1 Conc#1" [stack: 0x0000006aba700000,0x0000006aba800000] [id=25856]
  0x000001c079a9bd60 ConcurrentGCThread "G1 Conc#2" [stack: 0x0000006aba800000,0x0000006aba900000] [id=23608]
  0x000001c071d56f70 ConcurrentGCThread "G1 Refine#0" [stack: 0x0000006ab8c00000,0x0000006ab8d00000] [id=2532]
  0x000001c079738ac0 ConcurrentGCThread "G1 Refine#1" [stack: 0x0000006aba900000,0x0000006abaa00000] [id=25532]
  0x000001c071d579a0 ConcurrentGCThread "G1 Service" [stack: 0x0000006ab8d00000,0x0000006ab8e00000] [id=13388]

Threads with active compile tasks:
C2 CompilerThread0  183753 11053       4       org.apache.kafka.clients.NetworkClient::leastLoadedNode (336 bytes)

VM state: not at safepoint (normal execution)

VM Mutex/Monitor currently owned by a thread: None

Heap address: 0x0000000701800000, size: 4072 MB, Compressed Oops mode: Zero based, Oop shift amount: 3

CDS archive(s) mapped at: [0x000001c000000000-0x000001c000bb0000-0x000001c000bb0000), size 12255232, SharedBaseAddress: 0x000001c000000000, ArchiveRelocationMode: 1.
Compressed class space mapped at: 0x000001c001000000-0x000001c041000000, reserved size: 1073741824
Narrow klass base: 0x000001c000000000, Narrow klass shift: 0, Narrow klass range: 0x100000000

GC Precious Log:
 CPUs: 12 total, 12 available
 Memory: 16284M
 Large Page Support: Disabled
 NUMA Support: Disabled
 Compressed Oops: Enabled (Zero based)
 Heap Region Size: 2M
 Heap Min Capacity: 8M
 Heap Initial Capacity: 256M
 Heap Max Capacity: 4072M
 Pre-touch: Disabled
 Parallel Workers: 10
 Concurrent Workers: 3
 Concurrent Refinement Workers: 10
 Periodic GC: Disabled

Heap:
 garbage-first heap   total 167936K, used 95099K [0x0000000701800000, 0x0000000800000000)
  region size 2048K, 20 young (40960K), 4 survivors (8192K)
 Metaspace       used 116103K, committed 116800K, reserved 1179648K
  class space    used 15337K, committed 15680K, reserved 1048576K

Heap Regions: E=young(eden), S=young(survivor), O=old, HS=humongous(starts), HC=humongous(continues), CS=collection set, F=free, OA=open archive, CA=closed archive, TAMS=top-at-mark-start (previous, next)
|   0|0x0000000701800000, 0x0000000701a00000, 0x0000000701a00000|100%| O|  |TAMS 0x0000000701a00000, 0x0000000701800000| Untracked 
|   1|0x0000000701a00000, 0x0000000701c00000, 0x0000000701c00000|100%| O|  |TAMS 0x0000000701c00000, 0x0000000701a00000| Untracked 
|   2|0x0000000701c00000, 0x0000000701e00000, 0x0000000701e00000|100%| O|  |TAMS 0x0000000701e00000, 0x0000000701c00000| Untracked 
|   3|0x0000000701e00000, 0x0000000702000000, 0x0000000702000000|100%| O|  |TAMS 0x0000000702000000, 0x0000000701e00000| Untracked 
|   4|0x0000000702000000, 0x0000000702200000, 0x0000000702200000|100%| O|  |TAMS 0x0000000702200000, 0x0000000702000000| Untracked 
|   5|0x0000000702200000, 0x0000000702400000, 0x0000000702400000|100%| O|  |TAMS 0x0000000702400000, 0x0000000702200000| Untracked 
|   6|0x0000000702400000, 0x0000000702600000, 0x0000000702600000|100%| O|  |TAMS 0x0000000702600000, 0x0000000702400000| Untracked 
|   7|0x0000000702600000, 0x0000000702800000, 0x0000000702800000|100%| O|  |TAMS 0x0000000702800000, 0x0000000702600000| Untracked 
|   8|0x0000000702800000, 0x0000000702a00000, 0x0000000702a00000|100%| O|  |TAMS 0x0000000702a00000, 0x0000000702800000| Untracked 
|   9|0x0000000702a00000, 0x0000000702c00000, 0x0000000702c00000|100%| O|  |TAMS 0x0000000702c00000, 0x0000000702a00000| Untracked 
|  10|0x0000000702c00000, 0x0000000702e00000, 0x0000000702e00000|100%| O|  |TAMS 0x0000000702e00000, 0x0000000702c00000| Untracked 
|  11|0x0000000702e00000, 0x0000000703000000, 0x0000000703000000|100%| O|  |TAMS 0x0000000703000000, 0x0000000702e00000| Untracked 
|  12|0x0000000703000000, 0x0000000703200000, 0x0000000703200000|100%| O|  |TAMS 0x0000000703200000, 0x0000000703000000| Untracked 
|  13|0x0000000703200000, 0x0000000703400000, 0x0000000703400000|100%| O|  |TAMS 0x0000000703400000, 0x0000000703200000| Untracked 
|  14|0x0000000703400000, 0x0000000703600000, 0x0000000703600000|100%| O|  |TAMS 0x0000000703600000, 0x0000000703400000| Untracked 
|  15|0x0000000703600000, 0x0000000703800000, 0x0000000703800000|100%| O|  |TAMS 0x0000000703800000, 0x0000000703600000| Untracked 
|  16|0x0000000703800000, 0x0000000703a00000, 0x0000000703a00000|100%| O|  |TAMS 0x0000000703a00000, 0x0000000703800000| Untracked 
|  17|0x0000000703a00000, 0x0000000703c00000, 0x0000000703c00000|100%| O|  |TAMS 0x0000000703c00000, 0x0000000703a00000| Untracked 
|  18|0x0000000703c00000, 0x0000000703e00000, 0x0000000703e00000|100%| O|  |TAMS 0x0000000703e00000, 0x0000000703c00000| Untracked 
|  19|0x0000000703e00000, 0x0000000704000000, 0x0000000704000000|100%| O|  |TAMS 0x0000000704000000, 0x0000000703e00000| Untracked 
|  20|0x0000000704000000, 0x0000000704200000, 0x0000000704200000|100%| O|  |TAMS 0x0000000704200000, 0x0000000704000000| Untracked 
|  21|0x0000000704200000, 0x0000000704400000, 0x0000000704400000|100%| O|  |TAMS 0x0000000704400000, 0x0000000704200000| Untracked 
|  22|0x0000000704400000, 0x0000000704600000, 0x0000000704600000|100%| O|  |TAMS 0x0000000704600000, 0x0000000704400000| Untracked 
|  23|0x0000000704600000, 0x0000000704800000, 0x0000000704800000|100%| O|  |TAMS 0x0000000704800000, 0x0000000704600000| Untracked 
|  24|0x0000000704800000, 0x0000000704a00000, 0x0000000704a00000|100%| O|  |TAMS 0x0000000704a00000, 0x0000000704800000| Untracked 
|  25|0x0000000704a00000, 0x0000000704c00000, 0x0000000704c00000|100%| O|  |TAMS 0x0000000704c00000, 0x0000000704a00000| Untracked 
|  26|0x0000000704c00000, 0x0000000704e00000, 0x0000000704e00000|100%| O|  |TAMS 0x0000000704de4208, 0x0000000704c00000| Untracked 
|  27|0x0000000704e00000, 0x0000000705000000, 0x0000000705000000|100%| O|  |TAMS 0x0000000704e00000, 0x0000000704e00000| Untracked 
|  28|0x0000000705000000, 0x0000000705200000, 0x0000000705200000|100%| O|  |TAMS 0x0000000705000000, 0x0000000705000000| Untracked 
|  29|0x0000000705200000, 0x0000000705219a00, 0x0000000705400000|  5%| O|  |TAMS 0x0000000705200000, 0x0000000705200000| Untracked 
|  30|0x0000000705400000, 0x0000000705400000, 0x0000000705600000|  0%| F|  |TAMS 0x0000000705400000, 0x0000000705400000| Untracked 
|  31|0x0000000705600000, 0x0000000705600000, 0x0000000705800000|  0%| F|  |TAMS 0x0000000705600000, 0x0000000705600000| Untracked 
|  32|0x0000000705800000, 0x0000000705800000, 0x0000000705a00000|  0%| F|  |TAMS 0x0000000705800000, 0x0000000705800000| Untracked 
|  33|0x0000000705a00000, 0x0000000705a00000, 0x0000000705c00000|  0%| F|  |TAMS 0x0000000705a00000, 0x0000000705a00000| Untracked 
|  34|0x0000000705c00000, 0x0000000705c00000, 0x0000000705e00000|  0%| F|  |TAMS 0x0000000705c00000, 0x0000000705c00000| Untracked 
|  35|0x0000000705e00000, 0x0000000705e00000, 0x0000000706000000|  0%| F|  |TAMS 0x0000000705e00000, 0x0000000705e00000| Untracked 
|  36|0x0000000706000000, 0x0000000706000000, 0x0000000706200000|  0%| F|  |TAMS 0x0000000706000000, 0x0000000706000000| Untracked 
|  37|0x0000000706200000, 0x0000000706200000, 0x0000000706400000|  0%| F|  |TAMS 0x0000000706200000, 0x0000000706200000| Untracked 
|  38|0x0000000706400000, 0x0000000706400000, 0x0000000706600000|  0%| F|  |TAMS 0x0000000706400000, 0x0000000706400000| Untracked 
|  39|0x0000000706600000, 0x0000000706600000, 0x0000000706800000|  0%| F|  |TAMS 0x0000000706600000, 0x0000000706600000| Untracked 
|  40|0x0000000706800000, 0x0000000706800000, 0x0000000706a00000|  0%| F|  |TAMS 0x0000000706800000, 0x0000000706800000| Untracked 
|  41|0x0000000706a00000, 0x0000000706a00000, 0x0000000706c00000|  0%| F|  |TAMS 0x0000000706a00000, 0x0000000706a00000| Untracked 
|  42|0x0000000706c00000, 0x0000000706c00000, 0x0000000706e00000|  0%| F|  |TAMS 0x0000000706c00000, 0x0000000706c00000| Untracked 
|  43|0x0000000706e00000, 0x0000000706e00000, 0x0000000707000000|  0%| F|  |TAMS 0x0000000706e00000, 0x0000000706e00000| Untracked 
|  44|0x0000000707000000, 0x0000000707000000, 0x0000000707200000|  0%| F|  |TAMS 0x0000000707000000, 0x0000000707000000| Untracked 
|  45|0x0000000707200000, 0x0000000707200000, 0x0000000707400000|  0%| F|  |TAMS 0x0000000707200000, 0x0000000707200000| Untracked 
|  46|0x0000000707400000, 0x0000000707400000, 0x0000000707600000|  0%| F|  |TAMS 0x0000000707400000, 0x0000000707400000| Untracked 
|  47|0x0000000707600000, 0x0000000707600000, 0x0000000707800000|  0%| F|  |TAMS 0x0000000707600000, 0x0000000707600000| Untracked 
|  48|0x0000000707800000, 0x0000000707800000, 0x0000000707a00000|  0%| F|  |TAMS 0x0000000707800000, 0x0000000707800000| Untracked 
|  49|0x0000000707a00000, 0x0000000707ac5440, 0x0000000707c00000| 38%| S|CS|TAMS 0x0000000707a00000, 0x0000000707a00000| Complete 
|  50|0x0000000707c00000, 0x0000000707e00000, 0x0000000707e00000|100%| S|CS|TAMS 0x0000000707c00000, 0x0000000707c00000| Complete 
|  51|0x0000000707e00000, 0x0000000708000000, 0x0000000708000000|100%| S|CS|TAMS 0x0000000707e00000, 0x0000000707e00000| Complete 
|  52|0x0000000708000000, 0x0000000708200000, 0x0000000708200000|100%| S|CS|TAMS 0x0000000708000000, 0x0000000708000000| Complete 
|  53|0x0000000708200000, 0x0000000708200000, 0x0000000708400000|  0%| F|  |TAMS 0x0000000708200000, 0x0000000708200000| Untracked 
|  54|0x0000000708400000, 0x0000000708400000, 0x0000000708600000|  0%| F|  |TAMS 0x0000000708400000, 0x0000000708400000| Untracked 
|  55|0x0000000708600000, 0x0000000708600000, 0x0000000708800000|  0%| F|  |TAMS 0x0000000708600000, 0x0000000708600000| Untracked 
|  56|0x0000000708800000, 0x0000000708800000, 0x0000000708a00000|  0%| F|  |TAMS 0x0000000708800000, 0x0000000708800000| Untracked 
|  57|0x0000000708a00000, 0x0000000708a00000, 0x0000000708c00000|  0%| F|  |TAMS 0x0000000708a00000, 0x0000000708a00000| Untracked 
|  58|0x0000000708c00000, 0x0000000708c00000, 0x0000000708e00000|  0%| F|  |TAMS 0x0000000708c00000, 0x0000000708c00000| Untracked 
|  59|0x0000000708e00000, 0x0000000708e00000, 0x0000000709000000|  0%| F|  |TAMS 0x0000000708e00000, 0x0000000708e00000| Untracked 
|  60|0x0000000709000000, 0x0000000709000000, 0x0000000709200000|  0%| F|  |TAMS 0x0000000709000000, 0x0000000709000000| Untracked 
|  61|0x0000000709200000, 0x0000000709200000, 0x0000000709400000|  0%| F|  |TAMS 0x0000000709200000, 0x0000000709200000| Untracked 
|  62|0x0000000709400000, 0x0000000709400000, 0x0000000709600000|  0%| F|  |TAMS 0x0000000709400000, 0x0000000709400000| Untracked 
|  63|0x0000000709600000, 0x0000000709600000, 0x0000000709800000|  0%| F|  |TAMS 0x0000000709600000, 0x0000000709600000| Untracked 
|  64|0x0000000709800000, 0x0000000709800000, 0x0000000709a00000|  0%| F|  |TAMS 0x0000000709800000, 0x0000000709800000| Untracked 
|  65|0x0000000709a00000, 0x0000000709a00000, 0x0000000709c00000|  0%| F|  |TAMS 0x0000000709a00000, 0x0000000709a00000| Untracked 
|  66|0x0000000709c00000, 0x0000000709c475c0, 0x0000000709e00000| 13%| E|  |TAMS 0x0000000709c00000, 0x0000000709c00000| Complete 
|  67|0x0000000709e00000, 0x000000070a000000, 0x000000070a000000|100%| E|CS|TAMS 0x0000000709e00000, 0x0000000709e00000| Complete 
|  68|0x000000070a000000, 0x000000070a200000, 0x000000070a200000|100%| E|CS|TAMS 0x000000070a000000, 0x000000070a000000| Complete 
|  69|0x000000070a200000, 0x000000070a400000, 0x000000070a400000|100%| E|CS|TAMS 0x000000070a200000, 0x000000070a200000| Complete 
|  70|0x000000070a400000, 0x000000070a600000, 0x000000070a600000|100%| E|CS|TAMS 0x000000070a400000, 0x000000070a400000| Complete 
|  71|0x000000070a600000, 0x000000070a800000, 0x000000070a800000|100%| E|  |TAMS 0x000000070a600000, 0x000000070a600000| Complete 
|  72|0x000000070a800000, 0x000000070aa00000, 0x000000070aa00000|100%| E|CS|TAMS 0x000000070a800000, 0x000000070a800000| Complete 
|  73|0x000000070aa00000, 0x000000070ac00000, 0x000000070ac00000|100%| E|CS|TAMS 0x000000070aa00000, 0x000000070aa00000| Complete 
|  74|0x000000070ac00000, 0x000000070ae00000, 0x000000070ae00000|100%| E|CS|TAMS 0x000000070ac00000, 0x000000070ac00000| Complete 
|  75|0x000000070ae00000, 0x000000070b000000, 0x000000070b000000|100%| E|CS|TAMS 0x000000070ae00000, 0x000000070ae00000| Complete 
|  76|0x000000070b000000, 0x000000070b200000, 0x000000070b200000|100%| E|CS|TAMS 0x000000070b000000, 0x000000070b000000| Complete 
|  77|0x000000070b200000, 0x000000070b400000, 0x000000070b400000|100%| E|CS|TAMS 0x000000070b200000, 0x000000070b200000| Complete 
|  78|0x000000070b400000, 0x000000070b600000, 0x000000070b600000|100%| E|CS|TAMS 0x000000070b400000, 0x000000070b400000| Complete 
|  79|0x000000070b600000, 0x000000070b800000, 0x000000070b800000|100%| E|CS|TAMS 0x000000070b600000, 0x000000070b600000| Complete 
|  80|0x000000070b800000, 0x000000070ba00000, 0x000000070ba00000|100%| E|CS|TAMS 0x000000070b800000, 0x000000070b800000| Complete 
| 127|0x0000000711600000, 0x0000000711800000, 0x0000000711800000|100%| E|CS|TAMS 0x0000000711600000, 0x0000000711600000| Complete 

Card table byte_map: [0x000001c066770000,0x000001c066f70000] _byte_map_base: 0x000001c062f64000

Marking Bits (Prev, Next): (CMBitMap*) 0x000001c04d200ed0, (CMBitMap*) 0x000001c04d200e90
 Prev Bits: [0x000001c06b710000, 0x000001c06f6b0000)
 Next Bits: [0x000001c067770000, 0x000001c06b710000)

Polling page: 0x000001c04d230000

Metaspace:

Usage:
  Non-class:     98.40 MB used.
      Class:     14.98 MB used.
       Both:    113.38 MB used.

Virtual space:
  Non-class space:      128.00 MB reserved,      98.75 MB ( 77%) committed,  2 nodes.
      Class space:        1.00 GB reserved,      15.31 MB (  1%) committed,  1 nodes.
             Both:        1.12 GB reserved,     114.06 MB ( 10%) committed. 

Chunk freelists:
   Non-Class:  12.39 MB
       Class:  720.00 KB
        Both:  13.09 MB

MaxMetaspaceSize: unlimited
CompressedClassSpaceSize: 1.00 GB
Initial GC threshold: 21.00 MB
Current GC threshold: 179.50 MB
CDS: on
MetaspaceReclaimPolicy: balanced
 - commit_granule_bytes: 65536.
 - commit_granule_words: 8192.
 - virtual_space_node_default_size: 8388608.
 - enlarge_chunks_in_place: 1.
 - new_chunks_are_fully_committed: 0.
 - uncommit_free_chunks: 1.
 - use_allocation_guard: 0.
 - handle_deallocations: 1.


Internal statistics:

num_allocs_failed_limit: 15.
num_arena_births: 1020.
num_arena_deaths: 0.
num_vsnodes_births: 3.
num_vsnodes_deaths: 0.
num_space_committed: 1825.
num_space_uncommitted: 0.
num_chunks_returned_to_freelist: 15.
num_chunks_taken_from_freelist: 5204.
num_chunk_merges: 15.
num_chunk_splits: 3903.
num_chunks_enlarged: 3155.
num_inconsistent_stats: 0.

CodeHeap 'non-profiled nmethods': size=120000Kb used=7506Kb max_used=7506Kb free=112493Kb
 bounds [0x000001c05ddb0000, 0x000001c05e510000, 0x000001c0652e0000]
CodeHeap 'profiled nmethods': size=120000Kb used=16624Kb max_used=16624Kb free=103375Kb
 bounds [0x000001c0562e0000, 0x000001c057320000, 0x000001c05d810000]
CodeHeap 'non-nmethods': size=5760Kb used=1464Kb max_used=1507Kb free=4295Kb
 bounds [0x000001c05d810000, 0x000001c05da80000, 0x000001c05ddb0000]
 total_blobs=9912 nmethods=9086 adapters=737
 compilation: enabled
              stopped_count=0, restarted_count=0
 full_count=0

Compilation events (20 events):
Event: 179.188 Thread 0x000001c071e7cfa0 11045       3       org.apache.kafka.clients.NetworkClient$DefaultMetadataUpdater::handleServerDisconnect (97 bytes)
Event: 179.189 Thread 0x000001c071e7cfa0 nmethod 11045 0x000001c05730cb90 code [0x000001c05730cf20, 0x000001c05730ebd8]
Event: 179.189 Thread 0x000001c071e7cfa0 11046       3       org.apache.kafka.common.Cluster::nodeById (17 bytes)
Event: 179.189 Thread 0x000001c071e7cfa0 nmethod 11046 0x000001c05730f590 code [0x000001c05730f780, 0x000001c05730fcc8]
Event: 179.189 Thread 0x000001c071e7cfa0 11047       3       org.apache.kafka.common.utils.LogContext$LocationAwareKafkaLogger::warn (18 bytes)
Event: 179.189 Thread 0x000001c071e7cfa0 nmethod 11047 0x000001c05730fe90 code [0x000001c057310040, 0x000001c0573103e8]
Event: 179.205 Thread 0x000001c071e7cfa0 11048       3       sun.nio.ch.SelectorImpl::keys (9 bytes)
Event: 179.205 Thread 0x000001c071e7cfa0 nmethod 11048 0x000001c057310510 code [0x000001c0573106e0, 0x000001c0573109c8]
Event: 180.096 Thread 0x000001c071e7cfa0 11049       3       org.apache.kafka.clients.NetworkClient::access$400 (7 bytes)
Event: 180.096 Thread 0x000001c071e7cfa0 nmethod 11049 0x000001c057310b10 code [0x000001c057310cc0, 0x000001c057310de8]
Event: 180.097 Thread 0x000001c071e7cfa0 11050       3       sun.nio.ch.SocketDispatcher::invalidateAndClose (46 bytes)
Event: 180.097 Thread 0x000001c071e7cfa0 nmethod 11050 0x000001c057310f10 code [0x000001c057311100, 0x000001c057311578]
Event: 180.157 Thread 0x000001c071e7cfa0 11051       3       org.apache.kafka.clients.NetworkClient::access$600 (7 bytes)
Event: 180.157 Thread 0x000001c071e7cfa0 nmethod 11051 0x000001c057311790 code [0x000001c057311940, 0x000001c057311a68]
Event: 180.348 Thread 0x000001c071e52960 11052       4       org.apache.kafka.common.utils.Timer::update (13 bytes)
Event: 180.348 Thread 0x000001c071e52960 nmethod 11052 0x000001c05e504890 code [0x000001c05e504a00, 0x000001c05e504a98]
Event: 181.668 Thread 0x000001c071e52960 11053       4       org.apache.kafka.clients.NetworkClient::leastLoadedNode (336 bytes)
Event: 182.168 Thread 0x000001c071e7cfa0 11055       3       java.util.Arrays::binarySearch (9 bytes)
Event: 183.735 Thread 0x000001c071e7cfa0 nmethod 11055 0x000001c057311b90 code [0x000001c057311d40, 0x000001c057311e68]
Event: 183.735 Thread 0x000001c071e7cfa0 11062       3       java.lang.ThreadLocal$ThreadLocalMap::expungeStaleEntry (146 bytes)

GC Heap History (20 events):
Event: 6.203 GC heap before
{Heap before GC invocations=16 (full 0):
 garbage-first heap   total 96256K, used 73599K [0x0000000701800000, 0x0000000800000000)
  region size 2048K, 23 young (47104K), 2 survivors (4096K)
 Metaspace       used 65392K, committed 65920K, reserved 1114112K
  class space    used 8845K, committed 9088K, reserved 1048576K
}
Event: 6.210 GC heap after
{Heap after GC invocations=17 (full 0):
 garbage-first heap   total 96256K, used 32681K [0x0000000701800000, 0x0000000800000000)
  region size 2048K, 2 young (4096K), 2 survivors (4096K)
 Metaspace       used 65392K, committed 65920K, reserved 1114112K
  class space    used 8845K, committed 9088K, reserved 1048576K
}
Event: 6.630 GC heap before
{Heap before GC invocations=18 (full 0):
 garbage-first heap   total 96256K, used 73641K [0x0000000701800000, 0x0000000800000000)
  region size 2048K, 23 young (47104K), 2 survivors (4096K)
 Metaspace       used 70450K, committed 70976K, reserved 1114112K
  class space    used 9826K, committed 10112K, reserved 1048576K
}
Event: 6.639 GC heap after
{Heap after GC invocations=19 (full 0):
 garbage-first heap   total 96256K, used 35588K [0x0000000701800000, 0x0000000800000000)
  region size 2048K, 3 young (6144K), 3 survivors (6144K)
 Metaspace       used 70450K, committed 70976K, reserved 1114112K
  class space    used 9826K, committed 10112K, reserved 1048576K
}
Event: 6.844 GC heap before
{Heap before GC invocations=19 (full 0):
 garbage-first heap   total 96256K, used 76548K [0x0000000701800000, 0x0000000800000000)
  region size 2048K, 23 young (47104K), 3 survivors (6144K)
 Metaspace       used 71988K, committed 72512K, reserved 1114112K
  class space    used 10039K, committed 10304K, reserved 1048576K
}
Event: 6.854 GC heap after
{Heap after GC invocations=20 (full 0):
 garbage-first heap   total 167936K, used 37268K [0x0000000701800000, 0x0000000800000000)
  region size 2048K, 3 young (6144K), 3 survivors (6144K)
 Metaspace       used 71988K, committed 72512K, reserved 1114112K
  class space    used 10039K, committed 10304K, reserved 1048576K
}
Event: 7.574 GC heap before
{Heap before GC invocations=20 (full 0):
 garbage-first heap   total 167936K, used 131476K [0x0000000701800000, 0x0000000800000000)
  region size 2048K, 49 young (100352K), 3 survivors (6144K)
 Metaspace       used 78312K, committed 78848K, reserved 1179648K
  class space    used 10953K, committed 11200K, reserved 1048576K
}
Event: 7.579 GC heap after
{Heap after GC invocations=21 (full 0):
 garbage-first heap   total 167936K, used 43792K [0x0000000701800000, 0x0000000800000000)
  region size 2048K, 6 young (12288K), 6 survivors (12288K)
 Metaspace       used 78312K, committed 78848K, reserved 1179648K
  class space    used 10953K, committed 11200K, reserved 1048576K
}
Event: 7.776 GC heap before
{Heap before GC invocations=21 (full 0):
 garbage-first heap   total 167936K, used 127760K [0x0000000701800000, 0x0000000800000000)
  region size 2048K, 47 young (96256K), 6 survivors (12288K)
 Metaspace       used 78763K, committed 79360K, reserved 1179648K
  class space    used 10999K, committed 11264K, reserved 1048576K
}
Event: 7.781 GC heap after
{Heap after GC invocations=22 (full 0):
 garbage-first heap   total 167936K, used 44634K [0x0000000701800000, 0x0000000800000000)
  region size 2048K, 2 young (4096K), 2 survivors (4096K)
 Metaspace       used 78763K, committed 79360K, reserved 1179648K
  class space    used 10999K, committed 11264K, reserved 1048576K
}
Event: 8.480 GC heap before
{Heap before GC invocations=22 (full 0):
 garbage-first heap   total 167936K, used 130650K [0x0000000701800000, 0x0000000800000000)
  region size 2048K, 44 young (90112K), 2 survivors (4096K)
 Metaspace       used 85491K, committed 86080K, reserved 1179648K
  class space    used 11828K, committed 12096K, reserved 1048576K
}
Event: 8.485 GC heap after
{Heap after GC invocations=23 (full 0):
 garbage-first heap   total 167936K, used 49564K [0x0000000701800000, 0x0000000800000000)
  region size 2048K, 4 young (8192K), 4 survivors (8192K)
 Metaspace       used 85491K, committed 86080K, reserved 1179648K
  class space    used 11828K, committed 12096K, reserved 1048576K
}
Event: 9.137 GC heap before
{Heap before GC invocations=23 (full 0):
 garbage-first heap   total 167936K, used 133532K [0x0000000701800000, 0x0000000800000000)
  region size 2048K, 45 young (92160K), 4 survivors (8192K)
 Metaspace       used 92449K, committed 92992K, reserved 1179648K
  class space    used 12584K, committed 12864K, reserved 1048576K
}
Event: 9.143 GC heap after
{Heap after GC invocations=24 (full 0):
 garbage-first heap   total 167936K, used 55753K [0x0000000701800000, 0x0000000800000000)
  region size 2048K, 6 young (12288K), 6 survivors (12288K)
 Metaspace       used 92449K, committed 92992K, reserved 1179648K
  class space    used 12584K, committed 12864K, reserved 1048576K
}
Event: 9.676 GC heap before
{Heap before GC invocations=24 (full 0):
 garbage-first heap   total 167936K, used 133577K [0x0000000701800000, 0x0000000800000000)
  region size 2048K, 44 young (90112K), 6 survivors (12288K)
 Metaspace       used 95349K, committed 95936K, reserved 1179648K
  class space    used 13013K, committed 13312K, reserved 1048576K
}
Event: 9.683 GC heap after
{Heap after GC invocations=25 (full 0):
 garbage-first heap   total 167936K, used 60307K [0x0000000701800000, 0x0000000800000000)
  region size 2048K, 6 young (12288K), 6 survivors (12288K)
 Metaspace       used 95349K, committed 95936K, reserved 1179648K
  class space    used 13013K, committed 13312K, reserved 1048576K
}
Event: 50.383 GC heap before
{Heap before GC invocations=25 (full 0):
 garbage-first heap   total 167936K, used 134035K [0x0000000701800000, 0x0000000800000000)
  region size 2048K, 42 young (86016K), 6 survivors (12288K)
 Metaspace       used 100121K, committed 100736K, reserved 1179648K
  class space    used 13664K, committed 13952K, reserved 1048576K
}
Event: 50.390 GC heap after
{Heap after GC invocations=26 (full 0):
 garbage-first heap   total 167936K, used 63376K [0x0000000701800000, 0x0000000800000000)
  region size 2048K, 4 young (8192K), 4 survivors (8192K)
 Metaspace       used 100121K, committed 100736K, reserved 1179648K
  class space    used 13664K, committed 13952K, reserved 1048576K
}
Event: 138.857 GC heap before
{Heap before GC invocations=26 (full 0):
 garbage-first heap   total 167936K, used 118672K [0x0000000701800000, 0x0000000800000000)
  region size 2048K, 33 young (67584K), 4 survivors (8192K)
 Metaspace       used 109402K, committed 110080K, reserved 1179648K
  class space    used 14530K, committed 14912K, reserved 1048576K
}
Event: 138.863 GC heap after
{Heap after GC invocations=27 (full 0):
 garbage-first heap   total 167936K, used 66427K [0x0000000701800000, 0x0000000800000000)
  region size 2048K, 4 young (8192K), 4 survivors (8192K)
 Metaspace       used 109402K, committed 110080K, reserved 1179648K
  class space    used 14530K, committed 14912K, reserved 1048576K
}

Dll operation events (13 events):
Event: 0.008 Loaded shared library C:\Program Files\Eclipse Adoptium\jdk-17\bin\java.dll
Event: 0.020 Loaded shared library C:\Program Files\Eclipse Adoptium\jdk-17\bin\jsvml.dll
Event: 0.127 Loaded shared library C:\Program Files\Eclipse Adoptium\jdk-17\bin\zip.dll
Event: 0.129 Loaded shared library C:\Program Files\Eclipse Adoptium\jdk-17\bin\instrument.dll
Event: 0.133 Loaded shared library C:\Program Files\Eclipse Adoptium\jdk-17\bin\net.dll
Event: 0.134 Loaded shared library C:\Program Files\Eclipse Adoptium\jdk-17\bin\nio.dll
Event: 0.136 Loaded shared library C:\Program Files\Eclipse Adoptium\jdk-17\bin\zip.dll
Event: 0.239 Loaded shared library C:\Program Files\Eclipse Adoptium\jdk-17\bin\extnet.dll
Event: 0.246 Loaded shared library C:\Program Files\Eclipse Adoptium\jdk-17\bin\verify.dll
Event: 0.250 Loaded shared library C:\Program Files\Eclipse Adoptium\jdk-17\bin\jimage.dll
Event: 1.118 Loaded shared library C:\Program Files\Eclipse Adoptium\jdk-17\bin\sunmscapi.dll
Event: 2.941 Loaded shared library C:\Program Files\Eclipse Adoptium\jdk-17\bin\management.dll
Event: 2.943 Loaded shared library C:\Program Files\Eclipse Adoptium\jdk-17\bin\management_ext.dll

Deoptimization events (20 events):
Event: 139.521 Thread 0x000001c0790466a0 Uncommon trap: trap_request=0xffffffde fr.pc=0x000001c05e13cf94 relative=0x0000000000000654
Event: 139.521 Thread 0x000001c0790466a0 Uncommon trap: reason=class_check action=maybe_recompile pc=0x000001c05e13cf94 method=java.lang.AbstractStringBuilder.<init>(Ljava/lang/String;)V @ 58 c2
Event: 139.521 Thread 0x000001c0790466a0 DEOPT PACKING pc=0x000001c05e13cf94 sp=0x0000006abc3fe120
Event: 139.521 Thread 0x000001c0790466a0 DEOPT UNPACKING pc=0x000001c05d8669a3 sp=0x0000006abc3fe100 mode 2
Event: 139.521 Thread 0x000001c0790466a0 Uncommon trap: trap_request=0xffffffde fr.pc=0x000001c05e13cf94 relative=0x0000000000000654
Event: 139.521 Thread 0x000001c0790466a0 Uncommon trap: reason=class_check action=maybe_recompile pc=0x000001c05e13cf94 method=java.lang.AbstractStringBuilder.<init>(Ljava/lang/String;)V @ 58 c2
Event: 139.521 Thread 0x000001c0790466a0 DEOPT PACKING pc=0x000001c05e13cf94 sp=0x0000006abc3fe120
Event: 139.521 Thread 0x000001c0790466a0 DEOPT UNPACKING pc=0x000001c05d8669a3 sp=0x0000006abc3fe100 mode 2
Event: 139.521 Thread 0x000001c0790466a0 Uncommon trap: trap_request=0xffffffde fr.pc=0x000001c05e13cf94 relative=0x0000000000000654
Event: 139.521 Thread 0x000001c0790466a0 Uncommon trap: reason=class_check action=maybe_recompile pc=0x000001c05e13cf94 method=java.lang.AbstractStringBuilder.<init>(Ljava/lang/String;)V @ 58 c2
Event: 139.521 Thread 0x000001c0790466a0 DEOPT PACKING pc=0x000001c05e13cf94 sp=0x0000006abc3fe120
Event: 139.521 Thread 0x000001c0790466a0 DEOPT UNPACKING pc=0x000001c05d8669a3 sp=0x0000006abc3fe100 mode 2
Event: 139.521 Thread 0x000001c0790466a0 Uncommon trap: trap_request=0xffffffde fr.pc=0x000001c05e13cf94 relative=0x0000000000000654
Event: 139.521 Thread 0x000001c0790466a0 Uncommon trap: reason=class_check action=maybe_recompile pc=0x000001c05e13cf94 method=java.lang.AbstractStringBuilder.<init>(Ljava/lang/String;)V @ 58 c2
Event: 139.521 Thread 0x000001c0790466a0 DEOPT PACKING pc=0x000001c05e13cf94 sp=0x0000006abc3fe120
Event: 139.521 Thread 0x000001c0790466a0 DEOPT UNPACKING pc=0x000001c05d8669a3 sp=0x0000006abc3fe100 mode 2
Event: 149.623 Thread 0x000001c0790466a0 Uncommon trap: trap_request=0xffffffde fr.pc=0x000001c05e06ebd8 relative=0x0000000000000f58
Event: 149.623 Thread 0x000001c0790466a0 Uncommon trap: reason=class_check action=maybe_recompile pc=0x000001c05e06ebd8 method=sun.nio.ch.SelectorImpl.processDeregisterQueue()V @ 79 c2
Event: 149.623 Thread 0x000001c0790466a0 DEOPT PACKING pc=0x000001c05e06ebd8 sp=0x0000006abc3feaf0
Event: 149.623 Thread 0x000001c0790466a0 DEOPT UNPACKING pc=0x000001c05d8669a3 sp=0x0000006abc3feac0 mode 2

Classes loaded (20 events):
Event: 139.516 Loading class jdk/internal/icu/impl/UCharacterProperty$IsAcceptable
Event: 139.516 Loading class jdk/internal/icu/impl/UCharacterProperty$IsAcceptable done
Event: 139.516 Loading class jdk/internal/icu/impl/Trie2_16
Event: 139.516 Loading class jdk/internal/icu/impl/Trie2
Event: 139.516 Loading class jdk/internal/icu/impl/Trie2 done
Event: 139.516 Loading class jdk/internal/icu/impl/Trie2_16 done
Event: 139.516 Loading class jdk/internal/icu/impl/Trie2$1
Event: 139.516 Loading class jdk/internal/icu/impl/Trie2$ValueMapper
Event: 139.516 Loading class jdk/internal/icu/impl/Trie2$ValueMapper done
Event: 139.516 Loading class jdk/internal/icu/impl/Trie2$1 done
Event: 139.516 Loading class jdk/internal/icu/impl/Trie2$UTrie2Header
Event: 139.516 Loading class jdk/internal/icu/impl/Trie2$UTrie2Header done
Event: 139.542 Loading class java/nio/channels/UnsupportedAddressTypeException
Event: 139.542 Loading class java/nio/channels/UnsupportedAddressTypeException done
Event: 139.600 Loading class java/util/concurrent/CompletableFuture$UniAccept
Event: 139.600 Loading class java/util/concurrent/CompletableFuture$UniAccept done
Event: 149.621 Loading class sun/security/ssl/Alert
Event: 149.621 Loading class sun/security/ssl/Alert done
Event: 149.621 Loading class sun/security/ssl/Alert$AlertConsumer
Event: 149.621 Loading class sun/security/ssl/Alert$AlertConsumer done

Classes unloaded (0 events):
No events

Classes redefined (0 events):
No events

Internal exceptions (20 events):
Event: 173.752 Thread 0x000001c072658420 Exception <a 'java/net/ConnectException'{0x0000000709f5e200}: Connection refused: getsockopt> (0x0000000709f5e200) 
thrown [s\src\hotspot\share\prims\jni.cpp, line 535]
Event: 173.933 Thread 0x000001c072657a00 Exception <a 'java/net/ConnectException'{0x0000000709efd860}: Connection refused: getsockopt> (0x0000000709efd860) 
thrown [s\src\hotspot\share\prims\jni.cpp, line 535]
Event: 174.711 Thread 0x000001c072658420 Exception <a 'java/net/ConnectException'{0x0000000709f67bb0}: Connection refused: getsockopt> (0x0000000709f67bb0) 
thrown [s\src\hotspot\share\prims\jni.cpp, line 535]
Event: 174.943 Thread 0x000001c072657a00 Exception <a 'java/net/ConnectException'{0x0000000709f6b068}: Connection refused: getsockopt> (0x0000000709f6b068) 
thrown [s\src\hotspot\share\prims\jni.cpp, line 535]
Event: 175.863 Thread 0x000001c072658420 Exception <a 'java/net/ConnectException'{0x0000000709fbafb0}: Connection refused: getsockopt> (0x0000000709fbafb0) 
thrown [s\src\hotspot\share\prims\jni.cpp, line 535]
Event: 176.108 Thread 0x000001c072657a00 Exception <a 'java/net/ConnectException'{0x0000000709f77060}: Connection refused: getsockopt> (0x0000000709f77060) 
thrown [s\src\hotspot\share\prims\jni.cpp, line 535]
Event: 177.079 Thread 0x000001c072658420 Exception <a 'java/net/ConnectException'{0x0000000709fc4a38}: Connection refused: getsockopt> (0x0000000709fc4a38) 
thrown [s\src\hotspot\share\prims\jni.cpp, line 535]
Event: 177.220 Thread 0x000001c072657a00 Exception <a 'java/net/ConnectException'{0x0000000709f803b8}: Connection refused: getsockopt> (0x0000000709f803b8) 
thrown [s\src\hotspot\share\prims\jni.cpp, line 535]
Event: 178.130 Thread 0x000001c072657a00 Exception <a 'java/net/ConnectException'{0x0000000709f87c20}: Connection refused: getsockopt> (0x0000000709f87c20) 
thrown [s\src\hotspot\share\prims\jni.cpp, line 535]
Event: 178.239 Thread 0x000001c072658420 Exception <a 'java/net/ConnectException'{0x0000000709fcd118}: Connection refused: getsockopt> (0x0000000709fcd118) 
thrown [s\src\hotspot\share\prims\jni.cpp, line 535]
Event: 179.148 Thread 0x000001c072658420 Exception <a 'java/net/ConnectException'{0x0000000709fd4980}: Connection refused: getsockopt> (0x0000000709fd4980) 
thrown [s\src\hotspot\share\prims\jni.cpp, line 535]
Event: 179.188 Thread 0x000001c072657a00 Exception <a 'java/net/ConnectException'{0x0000000709f8fbc0}: Connection refused: getsockopt> (0x0000000709f8fbc0) 
thrown [s\src\hotspot\share\prims\jni.cpp, line 535]
Event: 180.097 Thread 0x000001c072657a00 Exception <a 'java/net/ConnectException'{0x0000000709f978e8}: Connection refused: getsockopt> (0x0000000709f978e8) 
thrown [s\src\hotspot\share\prims\jni.cpp, line 535]
Event: 180.157 Thread 0x000001c072658420 Exception <a 'java/net/ConnectException'{0x0000000709fdcb78}: Connection refused: getsockopt> (0x0000000709fdcb78) 
thrown [s\src\hotspot\share\prims\jni.cpp, line 535]
Event: 181.109 Thread 0x000001c072657a00 Exception <a 'java/net/ConnectException'{0x0000000709fa0800}: Connection refused: getsockopt> (0x0000000709fa0800) 
thrown [s\src\hotspot\share\prims\jni.cpp, line 535]
Event: 181.215 Thread 0x000001c072658420 Exception <a 'java/net/ConnectException'{0x0000000709fe5c68}: Connection refused: getsockopt> (0x0000000709fe5c68) 
thrown [s\src\hotspot\share\prims\jni.cpp, line 535]
Event: 182.168 Thread 0x000001c072657a00 Exception <a 'java/net/ConnectException'{0x0000000709fa87a0}: Connection refused: getsockopt> (0x0000000709fa87a0) 
thrown [s\src\hotspot\share\prims\jni.cpp, line 535]
Event: 182.273 Thread 0x000001c072658420 Exception <a 'java/net/ConnectException'{0x0000000709fede50}: Connection refused: getsockopt> (0x0000000709fede50) 
thrown [s\src\hotspot\share\prims\jni.cpp, line 535]
Event: 183.182 Thread 0x000001c072658420 Exception <a 'java/net/ConnectException'{0x0000000709ff56b8}: Connection refused: getsockopt> (0x0000000709ff56b8) 
thrown [s\src\hotspot\share\prims\jni.cpp, line 535]
Event: 183.278 Thread 0x000001c072657a00 Exception <a 'java/net/ConnectException'{0x0000000709c01518}: Connection refused: getsockopt> (0x0000000709c01518) 
thrown [s\src\hotspot\share\prims\jni.cpp, line 535]

VM Operations (20 events):
Event: 157.514 Executing VM operation: Cleanup
Event: 157.514 Executing VM operation: Cleanup done
Event: 162.516 Executing VM operation: Cleanup
Event: 162.516 Executing VM operation: Cleanup done
Event: 163.516 Executing VM operation: Cleanup
Event: 163.516 Executing VM operation: Cleanup done
Event: 168.520 Executing VM operation: Cleanup
Event: 168.521 Executing VM operation: Cleanup done
Event: 169.521 Executing VM operation: Cleanup
Event: 169.521 Executing VM operation: Cleanup done
Event: 172.523 Executing VM operation: Cleanup
Event: 172.523 Executing VM operation: Cleanup done
Event: 176.524 Executing VM operation: Cleanup
Event: 176.524 Executing VM operation: Cleanup done
Event: 178.525 Executing VM operation: Cleanup
Event: 178.525 Executing VM operation: Cleanup done
Event: 180.411 Executing VM operation: HandshakeAllThreads
Event: 180.411 Executing VM operation: HandshakeAllThreads done
Event: 180.411 Executing VM operation: Cleanup
Event: 180.411 Executing VM operation: Cleanup done

Memory protections (0 events):
No events

Nmethod flushes (20 events):
Event: 50.605 Thread 0x000001c071e7d4c0 flushing  nmethod 0x000001c0571b4710
Event: 50.605 Thread 0x000001c071e7d4c0 flushing  nmethod 0x000001c0571b6890
Event: 50.605 Thread 0x000001c071e7d4c0 flushing  nmethod 0x000001c0571be410
Event: 50.605 Thread 0x000001c071e7d4c0 flushing  nmethod 0x000001c0571be810
Event: 50.605 Thread 0x000001c071e7d4c0 flushing  nmethod 0x000001c0571bf590
Event: 50.605 Thread 0x000001c071e7d4c0 flushing  nmethod 0x000001c0571f4a90
Event: 50.605 Thread 0x000001c071e7d4c0 flushing  nmethod 0x000001c05721d990
Event: 50.605 Thread 0x000001c071e7d4c0 flushing  nmethod 0x000001c05721e190
Event: 50.605 Thread 0x000001c071e7d4c0 flushing  nmethod 0x000001c057224090
Event: 139.228 Thread 0x000001c071e7d4c0 flushing  nmethod 0x000001c05df8ce10
Event: 139.232 Thread 0x000001c071e7d4c0 flushing  nmethod 0x000001c056531e90
Event: 139.234 Thread 0x000001c071e7d4c0 flushing  nmethod 0x000001c0566dd010
Event: 139.234 Thread 0x000001c071e7d4c0 flushing  nmethod 0x000001c0566dff90
Event: 139.234 Thread 0x000001c071e7d4c0 flushing  nmethod 0x000001c0566e2d10
Event: 139.234 Thread 0x000001c071e7d4c0 flushing  nmethod 0x000001c0566fd110
Event: 139.235 Thread 0x000001c071e7d4c0 flushing  nmethod 0x000001c05681d310
Event: 139.236 Thread 0x000001c071e7d4c0 flushing  nmethod 0x000001c0569bb890
Event: 139.238 Thread 0x000001c071e7d4c0 flushing  nmethod 0x000001c056bf7590
Event: 139.241 Thread 0x000001c071e7d4c0 flushing  nmethod 0x000001c0570b6510
Event: 139.242 Thread 0x000001c071e7d4c0 flushing  nmethod 0x000001c0571b0190

Events (20 events):
Event: 50.674 Thread 0x000001c04d193480 Thread exited: 0x000001c04d193480
Event: 50.674 Thread 0x000001c072658930 Thread added: 0x000001c072658930
Event: 51.268 Thread 0x000001c078419b20 Thread exited: 0x000001c078419b20
Event: 51.319 Thread 0x000001c07841b060 Thread exited: 0x000001c07841b060
Event: 62.934 Thread 0x000001c07a1cf7d0 Thread added: 0x000001c072659860
Event: 62.934 Thread 0x000001c07a1cf7d0 Thread added: 0x000001c07b3329b0
Event: 63.916 Thread 0x000001c07b2676b0 Thread exited: 0x000001c07b2676b0
Event: 67.936 Thread 0x000001c07b3329b0 Thread exited: 0x000001c07b3329b0
Event: 67.936 Thread 0x000001c072659860 Thread exited: 0x000001c072659860
Event: 70.061 Thread 0x000001c078bf41b0 Thread added: 0x000001c07b3329b0
Event: 138.709 Thread 0x000001c071e7cfa0 Thread added: 0x000001c07841a5c0
Event: 138.764 Thread 0x000001c071e7cfa0 Thread added: 0x000001c07841b060
Event: 138.908 Thread 0x000001c078bf3ca0 Thread added: 0x000001c072659860
Event: 139.112 Thread 0x000001c072659860 Thread added: 0x000001c079045c80
Event: 139.153 Thread 0x000001c078bf3ca0 Thread added: 0x000001c079049430
Event: 139.473 Thread 0x000001c079049430 Thread added: 0x000001c0790466a0
Event: 140.414 Thread 0x000001c07841b060 Thread exited: 0x000001c07841b060
Event: 140.807 Thread 0x000001c07841a5c0 Thread exited: 0x000001c07841a5c0
Event: 144.124 Thread 0x000001c072659860 Thread exited: 0x000001c072659860
Event: 149.623 Thread 0x000001c079049430 Thread exited: 0x000001c079049430


Dynamic libraries:
0x00007ff607580000 - 0x00007ff60758e000 	C:\Program Files\Eclipse Adoptium\jdk-17\bin\java.exe
0x00007ff9c48a0000 - 0x00007ff9c4b08000 	C:\WINDOWS\SYSTEM32\ntdll.dll
0x00007ff9c3610000 - 0x00007ff9c36d9000 	C:\WINDOWS\System32\KERNEL32.DLL
0x00007ff9c18e0000 - 0x00007ff9c1cd1000 	C:\WINDOWS\System32\KERNELBASE.dll
0x00007ff9c13b0000 - 0x00007ff9c14fb000 	C:\WINDOWS\System32\ucrtbase.dll
0x00007ff9b4270000 - 0x00007ff9b4288000 	C:\Program Files\Eclipse Adoptium\jdk-17\bin\jli.dll
0x00007ff9a9c70000 - 0x00007ff9a9c8e000 	C:\Program Files\Eclipse Adoptium\jdk-17\bin\VCRUNTIME140.dll
0x00007ff9c3120000 - 0x00007ff9c32e6000 	C:\WINDOWS\System32\USER32.dll
0x00007ff9a61c0000 - 0x00007ff9a6453000 	C:\WINDOWS\WinSxS\amd64_microsoft.windows.common-controls_6595b64144ccf1df_6.0.26100.7824_none_3e0870b2e3345462\COMCTL32.dll
0x00007ff9c2550000 - 0x00007ff9c2577000 	C:\WINDOWS\System32\win32u.dll
0x00007ff9c3030000 - 0x00007ff9c30d9000 	C:\WINDOWS\System32\msvcrt.dll
0x00007ff9c2ff0000 - 0x00007ff9c301b000 	C:\WINDOWS\System32\GDI32.dll
0x00007ff9c1500000 - 0x00007ff9c162b000 	C:\WINDOWS\System32\gdi32full.dll
0x00007ff9c1300000 - 0x00007ff9c13a3000 	C:\WINDOWS\System32\msvcp_win.dll
0x00007ff9c30e0000 - 0x00007ff9c3111000 	C:\WINDOWS\System32\IMM32.DLL
0x00007ff9bafc0000 - 0x00007ff9bafcc000 	C:\Program Files\Eclipse Adoptium\jdk-17\bin\vcruntime140_1.dll
0x00007ff9a84f0000 - 0x00007ff9a857d000 	C:\Program Files\Eclipse Adoptium\jdk-17\bin\msvcp140.dll
0x00007ff8dde30000 - 0x00007ff8dea9b000 	C:\Program Files\Eclipse Adoptium\jdk-17\bin\server\jvm.dll
0x00007ff9c2e20000 - 0x00007ff9c2ed4000 	C:\WINDOWS\System32\ADVAPI32.dll
0x00007ff9c3560000 - 0x00007ff9c3606000 	C:\WINDOWS\System32\sechost.dll
0x00007ff9c2d00000 - 0x00007ff9c2e18000 	C:\WINDOWS\System32\RPCRT4.dll
0x00007ff9c2ee0000 - 0x00007ff9c2f54000 	C:\WINDOWS\System32\WS2_32.dll
0x00007ff9c0b70000 - 0x00007ff9c0bce000 	C:\WINDOWS\SYSTEM32\POWRPROF.dll
0x00007ff9b4620000 - 0x00007ff9b4655000 	C:\WINDOWS\SYSTEM32\WINMM.dll
0x00007ff9bb0e0000 - 0x00007ff9bb0eb000 	C:\WINDOWS\SYSTEM32\VERSION.dll
0x00007ff9c0b50000 - 0x00007ff9c0b64000 	C:\WINDOWS\SYSTEM32\UMPDC.dll
0x00007ff9bfee0000 - 0x00007ff9bfefb000 	C:\WINDOWS\SYSTEM32\kernel.appcore.dll
0x00007ff9a9c60000 - 0x00007ff9a9c6a000 	C:\Program Files\Eclipse Adoptium\jdk-17\bin\jimage.dll
0x00007ff9ab4e0000 - 0x00007ff9ab722000 	C:\WINDOWS\SYSTEM32\DBGHELP.DLL
0x00007ff9c2790000 - 0x00007ff9c2b16000 	C:\WINDOWS\System32\combase.dll
0x00007ff9c3480000 - 0x00007ff9c3557000 	C:\WINDOWS\System32\OLEAUT32.dll
0x00007ff9aa3f0000 - 0x00007ff9aa42b000 	C:\WINDOWS\SYSTEM32\dbgcore.DLL
0x00007ff9c1830000 - 0x00007ff9c18d5000 	C:\WINDOWS\System32\bcryptPrimitives.dll
0x00007ff9a9c00000 - 0x00007ff9a9c0e000 	C:\Program Files\Eclipse Adoptium\jdk-17\bin\instrument.dll
0x00007ff9a9c30000 - 0x00007ff9a9c55000 	C:\Program Files\Eclipse Adoptium\jdk-17\bin\java.dll
0x00007ff9a2ff0000 - 0x00007ff9a30c7000 	C:\Program Files\Eclipse Adoptium\jdk-17\bin\jsvml.dll
0x00007ff9c3b70000 - 0x00007ff9c42c2000 	C:\WINDOWS\System32\SHELL32.dll
0x00007ff9c16c0000 - 0x00007ff9c182a000 	C:\WINDOWS\System32\wintypes.dll
0x00007ff9c1ce0000 - 0x00007ff9c2543000 	C:\WINDOWS\System32\windows.storage.dll
0x00007ff9c4460000 - 0x00007ff9c4556000 	C:\WINDOWS\System32\SHCORE.dll
0x00007ff9c43f0000 - 0x00007ff9c4457000 	C:\WINDOWS\System32\shlwapi.dll
0x00007ff9c10a0000 - 0x00007ff9c10c9000 	C:\WINDOWS\SYSTEM32\profapi.dll
0x00007ff9a2fb0000 - 0x00007ff9a2fc8000 	C:\Program Files\Eclipse Adoptium\jdk-17\bin\zip.dll
0x00007ff9a9c10000 - 0x00007ff9a9c2a000 	C:\Program Files\Eclipse Adoptium\jdk-17\bin\net.dll
0x00007ff9b6010000 - 0x00007ff9b6137000 	C:\WINDOWS\SYSTEM32\WINHTTP.dll
0x00007ff9c0430000 - 0x00007ff9c049b000 	C:\WINDOWS\system32\mswsock.dll
0x00007ff9a2fd0000 - 0x00007ff9a2fe6000 	C:\Program Files\Eclipse Adoptium\jdk-17\bin\nio.dll
0x00007ff9a8330000 - 0x00007ff9a8339000 	C:\Program Files\Eclipse Adoptium\jdk-17\bin\extnet.dll
0x00007ff993be0000 - 0x00007ff993bf0000 	C:\Program Files\Eclipse Adoptium\jdk-17\bin\verify.dll
0x00007ff9bf8e0000 - 0x00007ff9bf914000 	C:\WINDOWS\SYSTEM32\IPHLPAPI.DLL
0x00007ff9c3020000 - 0x00007ff9c302a000 	C:\WINDOWS\System32\NSI.dll
0x00007ff9b5f60000 - 0x00007ff9b5f7e000 	C:\WINDOWS\SYSTEM32\dhcpcsvc6.DLL
0x00007ff9b5e70000 - 0x00007ff9b5e93000 	C:\WINDOWS\SYSTEM32\dhcpcsvc.DLL
0x00007ff9bf970000 - 0x00007ff9bfa9c000 	C:\WINDOWS\SYSTEM32\DNSAPI.dll
0x00007ff9baa50000 - 0x00007ff9baa5b000 	C:\Windows\System32\rasadhlp.dll
0x00007ff9b52d0000 - 0x00007ff9b5356000 	C:\WINDOWS\System32\fwpuclnt.dll
0x00007ff9a84e0000 - 0x00007ff9a84ee000 	C:\Program Files\Eclipse Adoptium\jdk-17\bin\sunmscapi.dll
0x00007ff9c1180000 - 0x00007ff9c12f7000 	C:\WINDOWS\System32\CRYPT32.dll
0x00007ff9c09f0000 - 0x00007ff9c0a20000 	C:\WINDOWS\SYSTEM32\ncrypt.dll
0x00007ff9c09a0000 - 0x00007ff9c09df000 	C:\WINDOWS\SYSTEM32\NTASN1.dll
0x00007ff9c0820000 - 0x00007ff9c083b000 	C:\WINDOWS\SYSTEM32\CRYPTSP.dll
0x00007ff9bfe40000 - 0x00007ff9bfe79000 	C:\WINDOWS\system32\rsaenh.dll
0x00007ff9c04e0000 - 0x00007ff9c050b000 	C:\WINDOWS\SYSTEM32\USERENV.dll
0x00007ff9c1070000 - 0x00007ff9c109a000 	C:\WINDOWS\SYSTEM32\bcrypt.dll
0x00007ff9c0680000 - 0x00007ff9c068c000 	C:\WINDOWS\SYSTEM32\CRYPTBASE.dll
0x00007ff9a2fa0000 - 0x00007ff9a2faa000 	C:\Program Files\Eclipse Adoptium\jdk-17\bin\management.dll
0x00007ff9970e0000 - 0x00007ff9970ec000 	C:\Program Files\Eclipse Adoptium\jdk-17\bin\management_ext.dll
0x00007ff9c4850000 - 0x00007ff9c4858000 	C:\WINDOWS\System32\PSAPI.DLL
0x00007ff9baf10000 - 0x00007ff9baf18000 	C:\WINDOWS\system32\wshunix.dll

dbghelp: loaded successfully - version: 4.0.5 - missing functions: none
symbol engine: initialized successfully - sym options: 0x614 - pdb path: .;C:\Program Files\Eclipse Adoptium\jdk-17\bin;C:\WINDOWS\SYSTEM32;C:\WINDOWS\WinSxS\amd64_microsoft.windows.common-controls_6595b64144ccf1df_6.0.26100.7824_none_3e0870b2e3345462;C:\Program Files\Eclipse Adoptium\jdk-17\bin\server

VM Arguments:
jvm_args: -javaagent:C:\Program Files\JetBrains\IntelliJ IDEA Community Edition 2025.2.6.1\lib\idea_rt.jar=53520 -Dfile.encoding=UTF-8 
java_command: com.quinzex.LmsApplication
java_class_path (initial): H:\lms\Career_Vedha\target\classes;C:\Users\deepu\.m2\repository\org\springframework\boot\spring-boot-starter-web\3.2.5\spring-boot-starter-web-3.2.5.jar;C:\Users\deepu\.m2\repository\org\springframework\boot\spring-boot-starter\3.2.5\spring-boot-starter-3.2.5.jar;C:\Users\deepu\.m2\repository\org\springframework\boot\spring-boot\3.2.5\spring-boot-3.2.5.jar;C:\Users\deepu\.m2\repository\org\springframework\boot\spring-boot-autoconfigure\3.2.5\spring-boot-autoconfigure-3.2.5.jar;C:\Users\deepu\.m2\repository\org\springframework\boot\spring-boot-starter-logging\3.2.5\spring-boot-starter-logging-3.2.5.jar;C:\Users\deepu\.m2\repository\ch\qos\logback\logback-classic\1.4.14\logback-classic-1.4.14.jar;C:\Users\deepu\.m2\repository\ch\qos\logback\logback-core\1.4.14\logback-core-1.4.14.jar;C:\Users\deepu\.m2\repository\org\apache\logging\log4j\log4j-to-slf4j\2.21.1\log4j-to-slf4j-2.21.1.jar;C:\Users\deepu\.m2\repository\org\apache\logging\log4j\log4j-api\2.21.1\log4j-api-2.21.1.jar;C:\Users\deepu\.m2\repository\org\slf4j\jul-to-slf4j\2.0.13\jul-to-slf4j-2.0.13.jar;C:\Users\deepu\.m2\repository\jakarta\annotation\jakarta.annotation-api\2.1.1\jakarta.annotation-api-2.1.1.jar;C:\Users\deepu\.m2\repository\org\yaml\snakeyaml\2.2\snakeyaml-2.2.jar;C:\Users\deepu\.m2\repository\org\springframework\boot\spring-boot-starter-json\3.2.5\spring-boot-starter-json-3.2.5.jar;C:\Users\deepu\.m2\repository\com\fasterxml\jackson\datatype\jackson-datatype-jdk8\2.15.4\jackson-datatype-jdk8-2.15.4.jar;C:\Users\deepu\.m2\repository\com\fasterxml\jackson\datatype\jackson-datatype-jsr310\2.15.4\jackson-datatype-jsr310-2.15.4.jar;C:\Users\deepu\.m2\repository\com\fasterxml\jackson\module\jackson-module-parameter-names\2.15.4\jackson-module-parameter-names-2.15.4.jar;C:\Users\deepu\.m2\repository\org\springframework\boot\spring-boot-starter-tomcat\3.2.5\spring-boot-starter-tomcat-3.2.5.jar;C:\Users\deepu\.m2\repository\org\apache\tomcat\embed\tomcat-embed-core\10.1.20\
Launcher Type: SUN_STANDARD

[Global flags]
     intx CICompilerCount                          = 4                                         {product} {ergonomic}
     uint ConcGCThreads                            = 3                                         {product} {ergonomic}
     uint G1ConcRefinementThreads                  = 10                                        {product} {ergonomic}
   size_t G1HeapRegionSize                         = 2097152                                   {product} {ergonomic}
    uintx GCDrainStackTargetSize                   = 64                                        {product} {ergonomic}
   size_t InitialHeapSize                          = 268435456                                 {product} {ergonomic}
   size_t MarkStackSize                            = 4194304                                   {product} {ergonomic}
   size_t MaxHeapSize                              = 4269801472                                {product} {ergonomic}
   size_t MaxNewSize                               = 2560622592                                {product} {ergonomic}
   size_t MinHeapDeltaBytes                        = 2097152                                   {product} {ergonomic}
   size_t MinHeapSize                              = 8388608                                   {product} {ergonomic}
    uintx NonNMethodCodeHeapSize                   = 5839372                                {pd product} {ergonomic}
    uintx NonProfiledCodeHeapSize                  = 122909434                              {pd product} {ergonomic}
    uintx ProfiledCodeHeapSize                     = 122909434                              {pd product} {ergonomic}
    uintx ReservedCodeCacheSize                    = 251658240                              {pd product} {ergonomic}
     bool SegmentedCodeCache                       = true                                      {product} {ergonomic}
   size_t SoftMaxHeapSize                          = 4269801472                             {manageable} {ergonomic}
     bool UseCompressedClassPointers               = true                           {product lp64_product} {ergonomic}
     bool UseCompressedOops                        = true                           {product lp64_product} {ergonomic}
     bool UseG1GC                                  = true                                      {product} {ergonomic}
     bool UseLargePagesIndividualAllocation        = false                                  {pd product} {ergonomic}

Logging:
Log output configuration:
 #0: stdout all=warning uptime,level,tags
 #1: stderr all=off uptime,level,tags

Environment Variables:
JAVA_HOME=C:\Program Files\Eclipse Adoptium\jdk-17
PATH=C:\Program Files\Eclipse Adoptium\jdk-17.0.17.10-hotspot\bin;C:\Python312\Scripts\;C:\Python312\;C:\oracle\WINDOWS.X64_213000_db_home\bin;C:\oracle\WINDOWS.X64_193000_db_home\bin;C:\Users\deepu\Downloads\orac\WINDOWS.X64_193000_db_home\bin;C:\Users\deepu\Downloads\WINDOWS.X64_1930000_db_home\bin;C:\Oracle\db_home\bin;C:\App\Oracle\product\19.3\db_home1\bin;C:\Program Files\Java\jdk-17\bin;C:\ProgramData\chocolatey\bin;C:\Program Files\nodejs\;C:\Program Files\NVIDIA Corporation\NVIDIA app\NvDLISR;C:\WINDOWS\system32;C:\WINDOWS;C:\WINDOWS\System32\Wbem;C:\WINDOWS\System32\WindowsPowerShell\v1.0\;C:\WINDOWS\System32\OpenSSH\;C:\Program Files\dotnet\;C:\Program Files\Git\cmd;C:\flutter\bin;C:\Users\deepu\AppData\Local\Android\Sdk\platform-tools;C:\Program Files\Amazon\AWSCLIV2;C:\Program Files\MySQL\MySQL Shell 8.0\bin\;C:\Users\deepu\AppData\Local\Microsoft\WindowsApps;C:\Users\deepu\AppData\Roaming\npm;C:\Windows\System32;C:\Windows\System32\wbem;C:\Program Files\JetBrains\IntelliJ IDEA Community Edition 2025.2.6.1\bin;C:\Users\deepu\AppData\Local\Programs\Antigravity\bin
USERNAME=deepu
OS=Windows_NT
PROCESSOR_IDENTIFIER=AMD64 Family 25 Model 33 Stepping 2, AuthenticAMD
TMP=C:\Users\deepu\AppData\Local\Temp
TEMP=C:\Users\deepu\AppData\Local\Temp



Periodic native trim disabled


---------------  S Y S T E M  ---------------

OS:
 Windows 11 , 64 bit Build 26100 (10.0.26100.7705)
OS uptime: 0 days 1:05 hours
Hyper-V role detected

CPU: total 12 (initial active 12) (12 cores per cpu, 2 threads per core) family 25 model 33 stepping 2 microcode 0xa20120e, cx8, cmov, fxsr, ht, mmx, 3dnowpref, sse, sse2, sse3, ssse3, sse4a, sse4.1, sse4.2, popcnt, lzcnt, tsc, tscinvbit, avx, avx2, aes, erms, clmul, bmi1, bmi2, adx, sha, fma, vzeroupper, clflush, clflushopt, hv
Processor Information for all 12 processors :
  Max Mhz: 3501, Current Mhz: 3501, Mhz Limit: 3501

Memory: 4k page, system-wide physical 16284M (2132M free)
TotalPageFile size 28572M (AvailPageFile size 7M)
current process WorkingSet (physical memory assigned to process): 428M, peak: 465M
current process commit charge ("private bytes"): 469M, peak: 506M

vm_info: OpenJDK 64-Bit Server VM (17.0.17+10) for windows-amd64 JRE (17.0.17+10), built on Oct 21 2025 23:25:32 by "admin" with unknown MS VC++:1942

END.
